<?xml version="1.0" encoding="UTF-8"?>
<!-- Generated by org.testng.reporters.JUnitXMLReporter -->
<testsuite hostname="QD-44" ignored="0" name="Regression02" tests="8" failures="2" timestamp="20 Mar 2018 12:25:32 GMT" time="16.133" errors="0">
  <testcase name="next_page" time="0.578" classname="com.qa.TEST_page.QA_HOME__Test"/>
  <testcase name="next_page" time="0.364" classname="com.qa.TEST_page.QA_IPAD__Test"/>
  <testcase name="next_page" time="0.364" classname="com.qa.TEST_page.QA_MAC__Test"/>
  <testcase name="next_page" time="1.872" classname="com.qa.TEST_page.QA_IPHONE__Test"/>
  <testcase name="next_page" time="0.605" classname="com.qa.TEST_page.QA_WATCH__Test"/>
  <testcase name="next_page" time="0.627" classname="com.qa.TEST_page.QA_TV__Test"/>
  <testcase name="next_page" time="1.252" classname="com.qa.TEST_page.QA_MUSIC__Test">
    <failure type="org.openqa.selenium.StaleElementReferenceException" message="The element reference of &amp;lt;a class=&amp;quot;ac-gn-link ac-gn-link-support&amp;quot; href=&amp;quot;https://support.apple.com/en-in&amp;quot;&amp;gt; is stale; either the element is no longer attached to the DOM, it is not in the current frame context, or the document has been refreshed
For documentation on this error, please visit: http://seleniumhq.org/exceptions/stale_element_reference.html
Build info: version: &amp;apos;3.11.0&amp;apos;, revision: &amp;apos;e59cfb3&amp;apos;, time: &amp;apos;2018-03-11T20:26:55.152Z&amp;apos;
System info: host: &amp;apos;QD-44&amp;apos;, ip: &amp;apos;10.20.1.88&amp;apos;, os.name: &amp;apos;Windows 7&amp;apos;, os.arch: &amp;apos;amd64&amp;apos;, os.version: &amp;apos;6.1&amp;apos;, java.version: &amp;apos;1.8.0_161&amp;apos;
Driver info: org.openqa.selenium.firefox.FirefoxDriver
Capabilities {acceptInsecureCerts: true, browserName: firefox, browserVersion: 58.0.2, javascriptEnabled: true, moz:accessibilityChecks: false, moz:headless: false, moz:processID: 5480, moz:profile: C:\Users\dhruv.khandelwal\A..., moz:webdriverClick: true, pageLoadStrategy: normal, platform: XP, platformName: XP, platformVersion: 6.1, rotatable: false, timeouts: {implicit: 0, pageLoad: 300000, script: 30000}}
Session ID: 14e2b5fd-18ff-4ab7-90d6-056e90ab33eb">
      <![CDATA[org.openqa.selenium.StaleElementReferenceException: The element reference of <a class="ac-gn-link ac-gn-link-support" href="https://support.apple.com/en-in"> is stale; either the element is no longer attached to the DOM, it is not in the current frame context, or the document has been refreshed
For documentation on this error, please visit: http://seleniumhq.org/exceptions/stale_element_reference.html
Build info: version: '3.11.0', revision: 'e59cfb3', time: '2018-03-11T20:26:55.152Z'
System info: host: 'QD-44', ip: '10.20.1.88', os.name: 'Windows 7', os.arch: 'amd64', os.version: '6.1', java.version: '1.8.0_161'
Driver info: org.openqa.selenium.firefox.FirefoxDriver
Capabilities {acceptInsecureCerts: true, browserName: firefox, browserVersion: 58.0.2, javascriptEnabled: true, moz:accessibilityChecks: false, moz:headless: false, moz:processID: 5480, moz:profile: C:\Users\dhruv.khandelwal\A..., moz:webdriverClick: true, pageLoadStrategy: normal, platform: XP, platformName: XP, platformVersion: 6.1, rotatable: false, timeouts: {implicit: 0, pageLoad: 300000, script: 30000}}
Session ID: 14e2b5fd-18ff-4ab7-90d6-056e90ab33eb
at org.openqa.selenium.remote.http.W3CHttpResponseCodec.createException(W3CHttpResponseCodec.java:187)
at org.openqa.selenium.remote.http.W3CHttpResponseCodec.decode(W3CHttpResponseCodec.java:122)
at org.openqa.selenium.remote.http.W3CHttpResponseCodec.decode(W3CHttpResponseCodec.java:49)
at org.openqa.selenium.remote.HttpCommandExecutor.execute(HttpCommandExecutor.java:158)
at org.openqa.selenium.remote.service.DriverCommandExecutor.execute(DriverCommandExecutor.java:83)
at org.openqa.selenium.remote.RemoteWebDriver.execute(RemoteWebDriver.java:545)
at org.openqa.selenium.remote.RemoteWebElement.execute(RemoteWebElement.java:279)
at org.openqa.selenium.remote.RemoteWebElement.click(RemoteWebElement.java:83)
at org.openqa.selenium.support.pagefactory.internal.LocatingElementHandler.invoke(LocatingElementHandler.java:51)
at com.sun.proxy.$Proxy11.click(Unknown Source)
at com.qa.PAGE.QA_MUSIC__Page.to_supportpage(QA_MUSIC__Page.java:51)
at com.qa.TEST_page.QA_MUSIC__Test.next_page(QA_MUSIC__Test.java:25)
at java.util.concurrent.FutureTask.run(FutureTask.java:266)
at java.util.concurrent.ThreadPoolExecutor.runWorker(ThreadPoolExecutor.java:1149)
at java.util.concurrent.ThreadPoolExecutor$Worker.run(ThreadPoolExecutor.java:624)
at java.lang.Thread.run(Thread.java:748)
... Removed 24 stack frames]]>
    </failure>
  </testcase> <!-- next_page -->
  <testcase name="next_page" time="0.3" classname="com.qa.TEST_page.QA_SUPPORT__Test">
    <failure type="org.openqa.selenium.StaleElementReferenceException" message="The element reference of &amp;lt;a class=&amp;quot;ac-gn-link ac-gn-link-buy analytics-exitlink&amp;quot; href=&amp;quot;https://www.apple.com/in/buy/&amp;quot;&amp;gt; is stale; either the element is no longer attached to the DOM, it is not in the current frame context, or the document has been refreshed
For documentation on this error, please visit: http://seleniumhq.org/exceptions/stale_element_reference.html
Build info: version: &amp;apos;3.11.0&amp;apos;, revision: &amp;apos;e59cfb3&amp;apos;, time: &amp;apos;2018-03-11T20:26:55.152Z&amp;apos;
System info: host: &amp;apos;QD-44&amp;apos;, ip: &amp;apos;10.20.1.88&amp;apos;, os.name: &amp;apos;Windows 7&amp;apos;, os.arch: &amp;apos;amd64&amp;apos;, os.version: &amp;apos;6.1&amp;apos;, java.version: &amp;apos;1.8.0_161&amp;apos;
Driver info: org.openqa.selenium.firefox.FirefoxDriver
Capabilities {acceptInsecureCerts: true, browserName: firefox, browserVersion: 58.0.2, javascriptEnabled: true, moz:accessibilityChecks: false, moz:headless: false, moz:processID: 5480, moz:profile: C:\Users\dhruv.khandelwal\A..., moz:webdriverClick: true, pageLoadStrategy: normal, platform: XP, platformName: XP, platformVersion: 6.1, rotatable: false, timeouts: {implicit: 0, pageLoad: 300000, script: 30000}}
Session ID: 14e2b5fd-18ff-4ab7-90d6-056e90ab33eb">
      <![CDATA[org.openqa.selenium.StaleElementReferenceException: The element reference of <a class="ac-gn-link ac-gn-link-buy analytics-exitlink" href="https://www.apple.com/in/buy/"> is stale; either the element is no longer attached to the DOM, it is not in the current frame context, or the document has been refreshed
For documentation on this error, please visit: http://seleniumhq.org/exceptions/stale_element_reference.html
Build info: version: '3.11.0', revision: 'e59cfb3', time: '2018-03-11T20:26:55.152Z'
System info: host: 'QD-44', ip: '10.20.1.88', os.name: 'Windows 7', os.arch: 'amd64', os.version: '6.1', java.version: '1.8.0_161'
Driver info: org.openqa.selenium.firefox.FirefoxDriver
Capabilities {acceptInsecureCerts: true, browserName: firefox, browserVersion: 58.0.2, javascriptEnabled: true, moz:accessibilityChecks: false, moz:headless: false, moz:processID: 5480, moz:profile: C:\Users\dhruv.khandelwal\A..., moz:webdriverClick: true, pageLoadStrategy: normal, platform: XP, platformName: XP, platformVersion: 6.1, rotatable: false, timeouts: {implicit: 0, pageLoad: 300000, script: 30000}}
Session ID: 14e2b5fd-18ff-4ab7-90d6-056e90ab33eb
at org.openqa.selenium.remote.http.W3CHttpResponseCodec.createException(W3CHttpResponseCodec.java:187)
at org.openqa.selenium.remote.http.W3CHttpResponseCodec.decode(W3CHttpResponseCodec.java:122)
at org.openqa.selenium.remote.http.W3CHttpResponseCodec.decode(W3CHttpResponseCodec.java:49)
at org.openqa.selenium.remote.HttpCommandExecutor.execute(HttpCommandExecutor.java:158)
at org.openqa.selenium.remote.service.DriverCommandExecutor.execute(DriverCommandExecutor.java:83)
at org.openqa.selenium.remote.RemoteWebDriver.execute(RemoteWebDriver.java:545)
at org.openqa.selenium.remote.RemoteWebElement.execute(RemoteWebElement.java:279)
at org.openqa.selenium.remote.RemoteWebElement.click(RemoteWebElement.java:83)
at org.openqa.selenium.support.pagefactory.internal.LocatingElementHandler.invoke(LocatingElementHandler.java:51)
at com.sun.proxy.$Proxy11.click(Unknown Source)
at com.qa.PAGE.QA_SUPPORT__Page.to_whereTobustpage(QA_SUPPORT__Page.java:50)
at com.qa.TEST_page.QA_SUPPORT__Test.next_page(QA_SUPPORT__Test.java:25)
at java.util.concurrent.FutureTask.run(FutureTask.java:266)
at java.util.concurrent.ThreadPoolExecutor.runWorker(ThreadPoolExecutor.java:1149)
at java.util.concurrent.ThreadPoolExecutor$Worker.run(ThreadPoolExecutor.java:624)
at java.lang.Thread.run(Thread.java:748)
... Removed 24 stack frames]]>
    </failure>
  </testcase> <!-- next_page -->
</testsuite> <!-- Regression02 -->
