<?xml version="1.0" encoding="UTF-8"?>
<!-- Generated by org.testng.reporters.JUnitXMLReporter -->
<testsuite hostname="QD-44" ignored="0" name="Regression" tests="8" failures="0" timestamp="20 Mar 2018 11:32:31 GMT" time="0.087" errors="0">
  <testcase name="@BeforeClass waiting" time="0.0" classname="com.qa.TEST_page.QA_IPAD__Test">
    <skipped/>
  </testcase> <!-- @BeforeClass waiting -->
  <testcase name="@BeforeClass waiting" time="0.0" classname="com.qa.TEST_page.QA_MAC__Test">
    <skipped/>
  </testcase> <!-- @BeforeClass waiting -->
  <testcase name="@BeforeClass waiting" time="0.0" classname="com.qa.TEST_page.QA_IPHONE__Test">
    <skipped/>
  </testcase> <!-- @BeforeClass waiting -->
  <testcase name="@BeforeClass waiting" time="0.0" classname="com.qa.TEST_page.QA_WATCH__Test">
    <skipped/>
  </testcase> <!-- @BeforeClass waiting -->
  <testcase name="@BeforeClass waiting" time="0.0" classname="com.qa.TEST_page.QA_TV__Test">
    <skipped/>
  </testcase> <!-- @BeforeClass waiting -->
  <testcase name="@BeforeClass waiting" time="0.0" classname="com.qa.TEST_page.QA_MUSIC__Test">
    <skipped/>
  </testcase> <!-- @BeforeClass waiting -->
  <testcase name="@BeforeClass waiting" time="0.0" classname="com.qa.TEST_page.QA_SUPPORT__Test">
    <skipped/>
  </testcase> <!-- @BeforeClass waiting -->
  <testcase name="@BeforeClass waiting" time="0.0" classname="com.qa.TEST_page.QA_IPAD__Test">
    <skipped/>
  </testcase> <!-- @BeforeClass waiting -->
  <testcase name="@BeforeClass waiting" time="0.0" classname="com.qa.TEST_page.QA_MAC__Test">
    <skipped/>
  </testcase> <!-- @BeforeClass waiting -->
  <testcase name="@BeforeClass waiting" time="0.0" classname="com.qa.TEST_page.QA_IPHONE__Test">
    <skipped/>
  </testcase> <!-- @BeforeClass waiting -->
  <testcase name="@BeforeClass waiting" time="0.0" classname="com.qa.TEST_page.QA_WATCH__Test">
    <skipped/>
  </testcase> <!-- @BeforeClass waiting -->
  <testcase name="@BeforeClass waiting" time="0.0" classname="com.qa.TEST_page.QA_TV__Test">
    <skipped/>
  </testcase> <!-- @BeforeClass waiting -->
  <testcase name="@BeforeClass waiting" time="0.0" classname="com.qa.TEST_page.QA_MUSIC__Test">
    <skipped/>
  </testcase> <!-- @BeforeClass waiting -->
  <testcase name="@BeforeClass waiting" time="0.0" classname="com.qa.TEST_page.QA_SUPPORT__Test">
    <skipped/>
  </testcase> <!-- @BeforeClass waiting -->
  <testcase name="next_page" time="0.0" classname="com.qa.TEST_page.QA_HOME__Test">
    <skipped/>
  </testcase> <!-- next_page -->
  <testcase name="next_page" time="0.0" classname="com.qa.TEST_page.QA_IPAD__Test">
    <skipped/>
  </testcase> <!-- next_page -->
  <testcase name="next_page" time="0.0" classname="com.qa.TEST_page.QA_MAC__Test">
    <skipped/>
  </testcase> <!-- next_page -->
  <testcase name="next_page" time="0.0" classname="com.qa.TEST_page.QA_IPHONE__Test">
    <skipped/>
  </testcase> <!-- next_page -->
  <testcase name="next_page" time="0.0" classname="com.qa.TEST_page.QA_WATCH__Test">
    <skipped/>
  </testcase> <!-- next_page -->
  <testcase name="next_page" time="0.0" classname="com.qa.TEST_page.QA_TV__Test">
    <skipped/>
  </testcase> <!-- next_page -->
  <testcase name="next_page" time="0.0" classname="com.qa.TEST_page.QA_MUSIC__Test">
    <skipped/>
  </testcase> <!-- next_page -->
  <testcase name="next_page" time="0.0" classname="com.qa.TEST_page.QA_SUPPORT__Test">
    <skipped/>
  </testcase> <!-- next_page -->
</testsuite> <!-- Regression -->
