<?xml version="1.0" encoding="UTF-8"?>
<!-- Generated by org.testng.reporters.JUnitXMLReporter -->
<testsuite hostname="QD-44" ignored="0" name="Test" tests="6" failures="2" timestamp="19 Mar 2018 11:59:05 GMT" time="0.548" errors="0">
  <testcase name="function1" time="0.009" classname="com.qa.TEST_page.QA_MAC__Test"/>
  <testcase name="function1" time="0.006" classname="com.qa.TEST_page.QA_HOME__Test"/>
  <testcase name="function1" time="0.006" classname="com.qa.TEST_page.QA_IPAD__Test"/>
  <testcase name="next_page" time="0.001" classname="com.qa.TEST_page.QA_MAC__Test">
    <failure type="java.lang.NullPointerException">
      <![CDATA[java.lang.NullPointerException
at com.qa.PAGE.QA_MAC__Page.to_iphonepage(QA_MAC__Page.java:51)
at com.qa.TEST_page.QA_MAC__Test.next_page(QA_MAC__Test.java:33)
... Removed 25 stack frames]]>
    </failure>
  </testcase> <!-- next_page -->
  <testcase name="next_page" time="0.488" classname="com.qa.TEST_page.QA_HOME__Test"/>
  <testcase name="next_page" time="0.0" classname="com.qa.TEST_page.QA_IPAD__Test">
    <failure type="java.lang.NullPointerException">
      <![CDATA[java.lang.NullPointerException
at com.qa.PAGE.QA_IPAD__Page.to_macpage(QA_IPAD__Page.java:52)
at com.qa.TEST_page.QA_IPAD__Test.next_page(QA_IPAD__Test.java:31)
... Removed 25 stack frames]]>
    </failure>
  </testcase> <!-- next_page -->
</testsuite> <!-- Test -->
