<?xml version="1.0" encoding="UTF-8"?>
<testsuite xmlns:xsi="http://www.w3.org/2001/XMLSchema-instance" xsi:noNamespaceSchemaLocation="https://maven.apache.org/surefire/maven-surefire-plugin/xsd/surefire-test-report.xsd" name="TestSuite" time="39.572" tests="18" errors="0" skipped="0" failures="2">
  <properties>
[...]
</properties>
  <testcase name="failed_test1" classname="com.qa.TEST_page.QA_Failed_testing" time="0.331">
    <failure message="expected [true] but found [false]" type="java.lang.AssertionError">java.lang.AssertionError: expected [true] but found [false]
	at com.qa.TEST_page.QA_Failed_testing.failed_test1(QA_Failed_testing.java:17)
</failure>
    <system-out><![CDATA[[TestNG] [WARN] Ignoring duplicate listener : Report.Listners_01
[TestNG] [WARN] Ignoring duplicate listener : Report.Ireporters
***** Error failed_test1 test has failed *****
***Placed screen shot in C:\Users\dhruv.khandelwal\Downloads\com.qa.APPLE\com.qa.APPLE\TEST_RESULTS\Screenshots ***
]]></system-out>
    <system-err><![CDATA[Starting ChromeDriver 2.32.498550 (9dec58e66c31bcc53a9ce3c7226f0c1c5810906a) on port 16223
Only local connections are allowed.
Mar 21, 2018 5:06:19 PM org.openqa.selenium.remote.ProtocolHandshake createSession
INFO: Detected dialect: OSS
]]></system-err>
  </testcase>
  <testcase name="failed_test1" classname="com.qa.TEST_page.QA_Failed_testing" time="0.092">
    <failure message="expected [true] but found [false]" type="java.lang.AssertionError">java.lang.AssertionError: expected [true] but found [false]
	at com.qa.TEST_page.QA_Failed_testing.failed_test1(QA_Failed_testing.java:17)
</failure>
    <system-out><![CDATA[***** Error failed_test1 test has failed *****
***Placed screen shot in C:\Users\dhruv.khandelwal\Downloads\com.qa.APPLE\com.qa.APPLE\TEST_RESULTS\Screenshots ***
]]></system-out>
    <system-err><![CDATA[1521632201449	geckodriver	INFO	geckodriver 0.19.0
1521632201456	geckodriver	INFO	Listening on 127.0.0.1:40915
1521632202011	mozrunner::runner	INFO	Running command: "C:\\Program Files\\Mozilla Firefox\\firefox.exe" "-marionette" "-profile" "C:\\Users\\DHRUV~1.KHA\\AppData\\Local\\Temp\\rust_mozprofile.LswY8acPcZd2"
[GFX1]: Potential driver version mismatch ignored due to missing DLLs igd10umd64 v= and igd10iumd64 v=
1521632202594	Marionette	INFO	Enabled via --marionette
[GFX1]: Potential driver version mismatch ignored due to missing DLLs igd10umd64 v= and igd10iumd64 v=
[GFX1]: Potential driver version mismatch ignored due to missing DLLs igd10umd64 v= and igd10iumd64 v=
[GFX1]: Potential driver version mismatch ignored due to missing DLLs igd10umd64 v= and igd10iumd64 v=
1521632204908	Marionette	INFO	Listening on port 55809
1521632205220	Marionette	WARN	TLS certificate errors will be ignored for this session
Mar 21, 2018 5:06:45 PM org.openqa.selenium.remote.ProtocolHandshake createSession
INFO: Detected dialect: W3C
]]></system-err>
  </testcase>
  <testcase name="next_page" classname="com.qa.TEST_page.QA_HOME__Test" time="1.932"/>
  <testcase name="next_page" classname="com.qa.TEST_page.QA_HOME__Test" time="1.196"/>
  <testcase name="next_page" classname="com.qa.TEST_page.QA_IPAD__Test" time="2.579"/>
  <testcase name="next_page" classname="com.qa.TEST_page.QA_IPAD__Test" time="1.048"/>
  <testcase name="next_page" classname="com.qa.TEST_page.QA_MAC__Test" time="1.307"/>
  <testcase name="next_page" classname="com.qa.TEST_page.QA_MAC__Test" time="0.391"/>
  <testcase name="next_page" classname="com.qa.TEST_page.QA_IPHONE__Test" time="2.298"/>
  <testcase name="next_page" classname="com.qa.TEST_page.QA_IPHONE__Test" time="1.736"/>
  <testcase name="next_page" classname="com.qa.TEST_page.QA_WATCH__Test" time="2.444"/>
  <testcase name="next_page" classname="com.qa.TEST_page.QA_WATCH__Test" time="0.931"/>
  <testcase name="next_page" classname="com.qa.TEST_page.QA_TV__Test" time="2.891"/>
  <testcase name="next_page" classname="com.qa.TEST_page.QA_TV__Test" time="1.271"/>
  <testcase name="next_page" classname="com.qa.TEST_page.QA_MUSIC__Test" time="2.682"/>
  <testcase name="next_page" classname="com.qa.TEST_page.QA_MUSIC__Test" time="0.802"/>
  <testcase name="next_page" classname="com.qa.TEST_page.QA_SUPPORT__Test" time="0.959"/>
  <testcase name="next_page" classname="com.qa.TEST_page.QA_SUPPORT__Test" time="0.555"/>
</testsuite>